2025-06-24 02:18:48 - PythonCourse - INFO - Sessão iniciada - Usuário: Eduardo
2025-06-24 02:18:58 - PythonCourse - INFO - Sessão iniciada - Usuário: Eduardo
2025-06-24 02:19:14 - PythonCourse - INFO - Módulo iniciado: modulo_2 - Seu Primeiro Programa
2025-06-24 02:19:21 - PythonCourse - INFO - Módulo concluído: modulo_2 - Pontuação: 100 - Tempo: 5s
2025-06-24 02:19:25 - PythonCourse - INFO - Módulo iniciado: modulo_3 - Variáveis
2025-06-24 02:19:59 - PythonCourse - INFO - Módulo concluído: modulo_3 - Pontuação: 100 - Tempo: 32s
2025-06-24 02:20:02 - PythonCourse - INFO - Módulo iniciado: modulo_4 - Tipos de Dados
2025-06-24 02:20:19 - PythonCourse - INFO - Módulo concluído: modulo_4 - Pontuação: 100 - Tempo: 14s
2025-06-24 02:20:28 - PythonCourse - INFO - Módulo iniciado: modulo_5 - Entrada de Dados
2025-06-24 02:20:38 - PythonCourse - INFO - Módulo concluído: modulo_5 - Pontuação: 100 - Tempo: 7s
2025-06-24 02:20:40 - PythonCourse - INFO - Módulo iniciado: modulo_6 - Operações Matemáticas
2025-06-24 02:20:53 - PythonCourse - INFO - Módulo concluído: modulo_6 - Pontuação: 100 - Tempo: 10s
2025-06-24 02:21:46 - PythonCourse - INFO - Módulo iniciado: modulo_7 - Condições (if/else)
2025-06-24 02:21:55 - PythonCourse - INFO - Módulo concluído: modulo_7 - Pontuação: 100 - Tempo: 7s
2025-06-24 02:21:57 - PythonCourse - INFO - Módulo iniciado: modulo_8 - Repetições (loops)
2025-06-24 02:22:09 - PythonCourse - INFO - Módulo concluído: modulo_8 - Pontuação: 100 - Tempo: 10s
2025-06-24 02:23:06 - PythonCourse - INFO - Sessão iniciada - Usuário: Eduardo
2025-06-24 02:23:07 - PythonCourse - INFO - Ação: Sessão interrompida com Ctrl+C
2025-06-24 02:23:07 - PythonCourse - INFO - Sessão encerrada - Duração: 0 minutos
2025-06-24 02:34:57 - PythonCourse - INFO - Sessão iniciada - Usuário: Eduardo
2025-06-24 02:35:09 - PythonCourse - INFO - Módulo iniciado: modulo_2 - Seu Primeiro Programa
2025-06-24 02:41:44 - PythonCourse - INFO - Ação: Sessão interrompida com Ctrl+C
2025-06-24 02:41:44 - PythonCourse - INFO - Sessão encerrada - Duração: 6 minutos
2025-06-24 02:41:45 - PythonCourse - INFO - Sessão iniciada - Usuário: Eduardo
2025-06-24 02:43:32 - PythonCourse - INFO - Ação: Sessão interrompida com Ctrl+C
2025-06-24 02:43:32 - PythonCourse - INFO - Sessão encerrada - Duração: 1 minutos
2025-06-24 03:06:56 - PythonCourse - INFO - Sessão iniciada - Usuário: Eduardo
2025-06-24 14:11:32 - PythonCourse - INFO - Ação: Sessão interrompida com Ctrl+C
2025-06-24 14:11:32 - PythonCourse - INFO - Sessão encerrada - Duração: 664 minutos
2025-06-24 14:11:34 - PythonCourse - INFO - Sessão iniciada - Usuário: Eduardo
2025-06-24 14:19:28 - PythonCourse - INFO - Ação: Sessão interrompida com Ctrl+C
2025-06-24 14:19:28 - PythonCourse - INFO - Sessão encerrada - Duração: 7 minutos
2025-06-24 14:19:31 - PythonCourse - INFO - Sessão iniciada - Usuário: Eduardo
2025-06-24 14:19:46 - PythonCourse - INFO - Ação: Progresso resetado pelo usuário
2025-06-24 14:19:55 - PythonCourse - INFO - Sessão iniciada - Usuário: Eduardo
2025-06-24 14:33:01 - PythonCourse - INFO - Ação: Sessão interrompida com Ctrl+C
2025-06-24 14:33:01 - PythonCourse - INFO - Sessão encerrada - Duração: 13 minutos
2025-06-24 14:33:02 - PythonCourse - INFO - Sessão iniciada - Usuário: Eduardo
2025-06-24 14:47:31 - PythonCourse - INFO - Ação: Sessão interrompida com Ctrl+C
2025-06-24 14:47:31 - PythonCourse - INFO - Sessão encerrada - Duração: 14 minutos
2025-06-24 14:47:32 - PythonCourse - INFO - Sessão iniciada - Usuário: Eduardo
2025-06-24 15:31:27 - PythonCourse - INFO - Sessão iniciada - Usuário: Eduardo
2025-06-24 15:48:21 - PythonCourse - INFO - Ação: Sessão interrompida com Ctrl+C
2025-06-24 15:48:21 - PythonCourse - INFO - Sessão encerrada - Duração: 16 minutos
2025-06-24 15:48:23 - PythonCourse - INFO - Sessão iniciada - Usuário: Eduardo
2025-06-24 16:18:56 - PythonCourse - INFO - Ação: Sessão interrompida com Ctrl+C
2025-06-24 16:18:56 - PythonCourse - INFO - Sessão encerrada - Duração: 30 minutos
2025-06-24 16:18:58 - PythonCourse - INFO - Sessão iniciada - Usuário: Eduardo
2025-06-24 16:27:26 - PythonCourse - INFO - Ação: Sessão interrompida com Ctrl+C
2025-06-24 16:27:26 - PythonCourse - INFO - Sessão encerrada - Duração: 8 minutos
2025-06-24 16:27:28 - PythonCourse - INFO - Sessão iniciada - Usuário: Eduardo
2025-06-24 18:34:40 - PythonCourse - INFO - Sessão encerrada - Duração: 127 minutos
2025-06-24 18:44:20 - PythonCourse - INFO - Sessão iniciada - Usuário: Eduardo
2025-06-24 19:25:01 - PythonCourse - INFO - Ação: Sessão interrompida com Ctrl+C
2025-06-24 19:25:01 - PythonCourse - INFO - Sessão encerrada - Duração: 40 minutos
2025-06-24 19:25:03 - PythonCourse - INFO - Sessão iniciada - Usuário: Eduardo
2025-06-24 19:39:09 - PythonCourse - INFO - Ação: Sessão interrompida com Ctrl+C
2025-06-24 19:39:09 - PythonCourse - INFO - Sessão encerrada - Duração: 14 minutos
2025-06-24 19:58:19 - PythonCourse - INFO - Sessão encerrada - Duração: 0.0 minutos
2025-06-24 20:04:35 - PythonCourse - INFO - Sessão iniciada - Usuário: Anônimo
2025-06-24 20:46:12 - PythonCourse - INFO - Sessão encerrada - Duração: 43.0 minutos
2025-06-24 20:46:31 - PythonCourse - INFO - Sessão iniciada - Usuário: Anônimo
2025-06-24 20:49:23 - PythonCourse - INFO - Sessão encerrada - Duração: 3.0 minutos
2025-06-24 20:49:52 - PythonCourse - INFO - Sessão iniciada - Usuário: Anônimo
2025-06-24 20:51:59 - PythonCourse - INFO - Sessão encerrada - Duração: 2.0 minutos
2025-06-24 20:52:06 - PythonCourse - INFO - Sessão iniciada - Usuário: Anônimo
2025-06-24 20:56:16 - PythonCourse - INFO - Sessão encerrada - Duração: 4.0 minutos
2025-06-24 20:56:22 - PythonCourse - INFO - Sessão iniciada - Usuário: Anônimo
2025-06-24 23:09:48 - PythonCourse - INFO - Sessão encerrada - Duração: 133.0 minutos
2025-06-24 23:09:55 - PythonCourse - INFO - Sessão iniciada - Usuário: Anônimo
2025-06-24 23:25:14 - PythonCourse - INFO - Sessão encerrada - Duração: 15.0 minutos
2025-06-24 23:25:20 - PythonCourse - INFO - Sessão iniciada - Usuário: Anônimo
2025-06-24 23:43:40 - PythonCourse - INFO - Sessão encerrada - Duração: 18.0 minutos
2025-06-24 23:43:48 - PythonCourse - INFO - Sessão iniciada - Usuário: Anônimo
2025-06-24 23:58:56 - PythonCourse - INFO - Sessão encerrada - Duração: 15.0 minutos
2025-06-24 23:59:02 - PythonCourse - INFO - Sessão iniciada - Usuário: Anônimo
2025-06-24 23:59:04 - PythonCourse - INFO - Sessão encerrada - Duração: 0.0 minutos
2025-06-25 00:00:10 - PythonCourse - INFO - Sessão iniciada - Usuário: Anônimo
2025-06-25 00:00:39 - PythonCourse - INFO - Sessão encerrada - Duração: 1.0 minutos
2025-06-25 00:43:30 - PythonCourse - INFO - Sessão encerrada - Duração: 0.0 minutos
2025-06-25 01:05:03 - PythonCourse - INFO - Sessão iniciada - Usuário: Anônimo
2025-06-25 01:57:04 - PythonCourse - INFO - Sessão encerrada - Duração: 52.0 minutos
2025-06-25 01:57:09 - PythonCourse - INFO - Sessão iniciada - Usuário: Anônimo
2025-06-25 02:02:13 - PythonCourse - INFO - Sessão encerrada - Duração: 0.0 minutos
2025-06-25 02:03:54 - PythonCourse - INFO - Sessão encerrada - Duração: 6.0 minutos
2025-06-25 02:04:00 - PythonCourse - INFO - Sessão iniciada - Usuário: Anônimo
2025-06-25 02:10:23 - PythonCourse - INFO - Sessão encerrada - Duração: 6.0 minutos
2025-06-25 02:10:26 - PythonCourse - INFO - Sessão iniciada - Usuário: Anônimo
2025-06-25 02:28:57 - PythonCourse - INFO - Sessão encerrada - Duração: 18.0 minutos
2025-06-25 02:29:03 - PythonCourse - INFO - Sessão iniciada - Usuário: Anônimo
2025-06-25 02:33:08 - PythonCourse - INFO - Sessão encerrada - Duração: 4.0 minutos
2025-06-25 02:33:16 - PythonCourse - INFO - Sessão iniciada - Usuário: Anônimo
2025-06-25 02:37:38 - PythonCourse - INFO - Sessão encerrada - Duração: 4.0 minutos
2025-06-25 02:37:41 - PythonCourse - INFO - Sessão iniciada - Usuário: Anônimo
2025-06-25 02:59:08 - PythonCourse - INFO - Sessão encerrada - Duração: 21.0 minutos
2025-06-25 02:59:13 - PythonCourse - INFO - Sessão iniciada - Usuário: Anônimo
2025-06-25 03:01:58 - PythonCourse - INFO - Sessão encerrada - Duração: 2.0 minutos
2025-06-25 03:02:02 - PythonCourse - INFO - Sessão iniciada - Usuário: Anônimo
2025-06-25 03:02:08 - PythonCourse - INFO - Módulo iniciado: modulo_30 - 🛡️ Segurança Básica
2025-06-25 03:02:20 - PythonCourse - INFO - Módulo concluído: modulo_30 - Pontuação: 100 - Tempo: 10s
2025-06-25 03:02:20 - PythonCourse - INFO - Sessão encerrada - Duração: 0.0 minutos
2025-06-25 03:02:26 - PythonCourse - INFO - Sessão iniciada - Usuário: Anônimo
2025-06-25 03:06:09 - PythonCourse - INFO - Sessão encerrada - Duração: 3.0 minutos
2025-06-25 03:06:19 - PythonCourse - INFO - Sessão iniciada - Usuário: Anônimo
2025-06-25 03:08:58 - PythonCourse - INFO - Módulo iniciado: modulo_25 - 🐧 Terminal e Command Line
2025-06-25 03:09:09 - PythonCourse - INFO - Módulo concluído: modulo_25 - Pontuação: 100 - Tempo: 9s
2025-06-25 03:09:09 - PythonCourse - INFO - Sessão encerrada - Duração: 2.0 minutos
2025-06-25 03:09:30 - PythonCourse - INFO - Sessão iniciada - Usuário: Anônimo
2025-06-25 03:09:43 - PythonCourse - INFO - Módulo iniciado: modulo_26 - 📦 Ambientes Virtuais e Dependências
2025-06-25 03:10:12 - PythonCourse - INFO - Módulo concluído: modulo_26 - Pontuação: 100 - Tempo: 27s
2025-06-25 03:10:12 - PythonCourse - INFO - Sessão encerrada - Duração: 0.0 minutos
2025-06-25 03:10:46 - PythonCourse - INFO - Sessão iniciada - Usuário: Anônimo
2025-06-25 03:11:30 - PythonCourse - ERROR - [CRITICAL] Exception in main_loop: Erro simulado do programa
2025-06-25 03:11:11 - PythonCourse - INFO - Sessão encerrada - Duração: 0.0 minutos
2025-06-25 03:11:16 - PythonCourse - INFO - Sessão iniciada - Usuário: Anônimo
2025-06-25 03:11:17 - PythonCourse - INFO - Módulo iniciado: modulo_26 - 📦 Ambientes Virtuais e Dependências
2025-06-25 03:11:21 - PythonCourse - INFO - Módulo iniciado: modulo_25 - 🐧 Terminal e Command Line
2025-06-25 03:11:24 - PythonCourse - INFO - Módulo iniciado: modulo_28 - 🏗️ Estrutura de Projetos Python
2025-06-25 03:11:26 - PythonCourse - INFO - Módulo concluído: modulo_28 - Pontuação: 100 - Tempo: 0s
2025-06-25 03:11:26 - PythonCourse - ERROR - [HIGH] KeyError in main_loop: 'titulo'
2025-06-25 03:11:55 - PythonCourse - INFO - Módulo iniciado: modulo_26 - 📦 Ambientes Virtuais e Dependências
2025-06-25 03:11:59 - PythonCourse - INFO - Módulo iniciado: modulo_24 - 🐙 Git e GitHub Essencial
2025-06-25 03:12:02 - PythonCourse - INFO - Módulo concluído: modulo_24 - Pontuação: 100 - Tempo: 1s
2025-06-25 03:12:02 - PythonCourse - ERROR - [HIGH] TypeError in main_loop: 'BadgeType' object is not subscriptable
2025-06-25 03:12:15 - PythonCourse - ERROR - [HIGH] AttributeError in main_loop: 'TutorAssistant' object has no attribute 'start_interactive_session'
2025-06-25 03:12:18 - PythonCourse - ERROR - [HIGH] AttributeError in main_loop: 'TutorAssistant' object has no attribute 'start_interactive_session'
2025-06-25 03:12:20 - PythonCourse - INFO - Sessão encerrada - Duração: 1.0 minutos
2025-06-25 03:12:25 - PythonCourse - INFO - Sessão iniciada - Usuário: Anônimo
2025-06-25 03:12:26 - PythonCourse - ERROR - [HIGH] AttributeError in main_loop: 'TutorAssistant' object has no attribute 'start_interactive_session'
2025-06-25 03:13:08 - PythonCourse - INFO - Módulo iniciado: modulo_28 - 🏗️ Estrutura de Projetos Python
2025-06-25 03:13:14 - PythonCourse - INFO - Módulo iniciado: modulo_27 - 🧪 Testes e TDD
2025-06-25 03:13:25 - PythonCourse - INFO - Módulo concluído: modulo_27 - Pontuação: 100 - Tempo: 8s
2025-06-25 03:13:25 - PythonCourse - ERROR - [HIGH] TypeError in main_loop: 'BadgeType' object is not subscriptable
2025-06-25 03:13:27 - PythonCourse - INFO - Sessão encerrada - Duração: 1.0 minutos
